(node:13460) ExperimentalWarning: CommonJS module C:\Users\ASUS\AppData\Roaming\npm\node_modules\npm\node_modules\debug\src\node.js is loading ES Module C:\Users\ASUS\AppData\Roaming\npm\node_modules\npm\node_modules\supports-color\index.js using require().
Support for loading ES Module in require() is an experimental feature and might change at any time
(Use `node --trace-warnings ...` to show where the warning was created)
src/pages/dashboard/AdminDashboard.tsx(1,8): error TS6133: 'React' is declared but its value is never read.
src/pages/dashboard/LogistikDashboard.tsx(6,59): error TS6133: 'ArrowRight' is declared but its value is never read.
src/pages/dashboard/PetambakDashboard.tsx(2,1): error TS6133: 'FormEvent' is declared but its value is never read.
